Abaqus/Explicit 6.14-1                           DATE 04-Jun-2019  TIME 11:48:39
-------------------------------------------------------------------------------
 MODEL INFORMATION (IN GLOBAL X-Y COORDINATES)
-------------------------------------------------------------------------------

   Total mass in model = 1.0000
   Center of mass of model = ( 5.000000E-01, 5.000000E-01)

   Moments of Inertia :
                 About Center of Mass              About Origin
      I(XX)          8.374999E-02                  3.337500E-01
      I(YY)          8.374999E-02                  3.337500E-01
      I(XY)          1.158696E-09                 -2.500000E-01
      I(ZZ)          1.675000E-01                  6.675000E-01

-------------------------------------------------------------------------------
 STABLE TIME INCREMENT INFORMATION
-------------------------------------------------------------------------------


  The stable time increment estimate for each element is based on
  linearization about the initial state.


   Initial time increment = 4.51670E-02

   Statistics for all elements:
      Mean = 4.51671E-02
      Standard deviation = 7.08490E-05

   Most critical elements:
    Element number   Rank    Time increment   Increment ratio
    (Instance name)
   ----------------------------------------------------------
         253          1       4.516702E-02      1.000000E+00
    PART-1-1
         258          2       4.516702E-02      1.000000E+00
    PART-1-1
         353          3       4.516702E-02      1.000000E+00
    PART-1-1
         358          4       4.516702E-02      1.000000E+00
    PART-1-1
          33          5       4.516704E-02      9.999996E-01
    PART-1-1
          38          6       4.516704E-02      9.999996E-01
    PART-1-1
          73          7       4.516704E-02      9.999996E-01
    PART-1-1
          78          8       4.516704E-02      9.999996E-01
    PART-1-1
         133          9       4.516704E-02      9.999996E-01
    PART-1-1
         138         10       4.516704E-02      9.999996E-01
    PART-1-1


  Instance name for the most critical element will be printed if the critical
  element changes or at the beginning of a new page.



Abaqus/Explicit 6.14-1                           DATE 04-Jun-2019  TIME 11:48:44

The single precision Abaqus/Explicit executable will be used in this analysis.


-------------------------------------------------------------------------------
 SOLUTION PROGRESS
-------------------------------------------------------------------------------

 STEP 1  ORIGIN 0.0000

  Total memory used for step 1 is approximately 509.8 kilobytes.
  Global time estimation algorithm will be used.
  Scaling factor:  1.0000
  Variable mass scaling factor at zero increment: 1.0000
              STEP     TOTAL       CPU      STABLE    CRITICAL    KINETIC      TOTAL
INCREMENT     TIME      TIME      TIME   INCREMENT     ELEMENT     ENERGY     ENERGY
        0  0.000E+00 0.000E+00  00:00:00 4.517E-02         358  6.250E-05  6.250E-05
INSTANCE WITH CRITICAL ELEMENT: PART-1-1
ODB Field Frame Number      0 of     20 requested intervals at increment zero.
       23  1.003E+00 1.003E+00  00:00:00 4.297E-02         251  8.850E-05  2.600E-05
INSTANCE WITH CRITICAL ELEMENT: PART-1-1
ODB Field Frame Number      1 of     20 requested intervals at  1.002757E+00
       47  2.004E+00 2.004E+00  00:00:00 4.102E-02         251  1.672E-04 -3.603E-05
INSTANCE WITH CRITICAL ELEMENT: PART-1-1
ODB Field Frame Number      2 of     20 requested intervals at  2.003827E+00
       72  3.005E+00 3.005E+00  00:00:00 3.926E-02          71  3.586E-04 -1.126E-04
INSTANCE WITH CRITICAL ELEMENT: PART-1-1
ODB Field Frame Number      3 of     20 requested intervals at  3.005379E+00
       98  4.010E+00 4.010E+00  00:00:00 3.769E-02          71  6.619E-04 -1.972E-04
INSTANCE WITH CRITICAL ELEMENT: PART-1-1
ODB Field Frame Number      4 of     20 requested intervals at  4.009536E+00
      125  5.015E+00 5.015E+00  00:00:00 3.681E-02          74  9.037E-04 -2.788E-04
INSTANCE WITH CRITICAL ELEMENT: PART-1-1
ODB Field Frame Number      5 of     20 requested intervals at  5.015195E+00
      153  6.024E+00 6.024E+00  00:00:00 3.539E-02         300  5.943E-04 -3.581E-04
INSTANCE WITH CRITICAL ELEMENT: PART-1-1
ODB Field Frame Number      6 of     20 requested intervals at  6.023957E+00
      181  7.003E+00 7.003E+00  00:00:00 3.451E-02          80  1.850E-04 -4.416E-04
INSTANCE WITH CRITICAL ELEMENT: PART-1-1
ODB Field Frame Number      7 of     20 requested intervals at  7.003327E+00
      211  8.021E+00 8.021E+00  00:00:00 3.339E-02         211  3.087E-04 -5.172E-04
INSTANCE WITH CRITICAL ELEMENT: PART-1-1
ODB Field Frame Number      8 of     20 requested intervals at  8.021192E+00
      241  9.012E+00 9.012E+00  00:00:00 3.268E-02          91  7.945E-04 -5.973E-04
INSTANCE WITH CRITICAL ELEMENT: PART-1-1
ODB Field Frame Number      9 of     20 requested intervals at  9.012460E+00
      272  1.001E+01 1.001E+01  00:00:00 3.164E-02         200  4.361E-04 -6.738E-04
INSTANCE WITH CRITICAL ELEMENT: PART-1-1
ODB Field Frame Number     10 of     20 requested intervals at  1.000961E+01
      304  1.101E+01 1.101E+01  00:00:00 3.109E-02          12  2.111E-04 -7.519E-04
INSTANCE WITH CRITICAL ELEMENT: PART-1-1
ODB Field Frame Number     11 of     20 requested intervals at  1.101356E+01
      337  1.203E+01 1.203E+01  00:00:00 3.024E-02         171  6.713E-04 -8.357E-04
INSTANCE WITH CRITICAL ELEMENT: PART-1-1
ODB Field Frame Number     12 of     20 requested intervals at  1.202546E+01
      370  1.301E+01 1.301E+01  00:00:00 2.956E-02         381  5.352E-04 -9.091E-04
INSTANCE WITH CRITICAL ELEMENT: PART-1-1
ODB Field Frame Number     13 of     20 requested intervals at  1.301353E+01
      404  1.401E+01 1.401E+01  00:00:00 2.908E-02         391  2.001E-04 -9.868E-04
INSTANCE WITH CRITICAL ELEMENT: PART-1-1
ODB Field Frame Number     14 of     20 requested intervals at  1.401033E+01
      439  1.502E+01 1.502E+01  00:00:00 2.844E-02          11  7.699E-04 -1.066E-03
INSTANCE WITH CRITICAL ELEMENT: PART-1-1
ODB Field Frame Number     15 of     20 requested intervals at  1.501609E+01
      474  1.600E+01 1.600E+01  00:00:00 2.782E-02           1  3.281E-04 -1.137E-03
INSTANCE WITH CRITICAL ELEMENT: PART-1-1
ODB Field Frame Number     16 of     20 requested intervals at  1.600133E+01
      511  1.702E+01 1.702E+01  00:00:00 2.730E-02         310  2.942E-04 -1.206E-03
INSTANCE WITH CRITICAL ELEMENT: PART-1-1
ODB Field Frame Number     17 of     20 requested intervals at  1.702283E+01
      548  1.803E+01 1.803E+01  00:00:00 2.690E-02         281  8.003E-04 -1.273E-03
INSTANCE WITH CRITICAL ELEMENT: PART-1-1
ODB Field Frame Number     18 of     20 requested intervals at  1.802567E+01
      599  1.901E+01 1.901E+01  00:00:00 8.723E-03         387  6.524E-02  6.078E-01
INSTANCE WITH CRITICAL ELEMENT: PART-1-1
ODB Field Frame Number     19 of     20 requested intervals at  1.900574E+01

***WARNING: In element 385 of instance PART-1-1 the ratio of deformation speed
            to wave speed is 0.33283 at increment 612. See the message file
            for further information.




***ERROR: Excessive distortion of element number 82 of instance PART-1-1


***ERROR: There is only one excessively distorted element


***ERROR: The ratio of deformation speed to wave speed exceeds 1.0000 in at
          least one element. This usually indicates an error with the model
          definition. Additional diagnostic information may be found in the
          message file.


***ERROR: The fatal error will generate a new field output in the last
          increment. All variables applicable to the current procedure and
          material type(s) will be written to the output database.




***ERROR: Excessive distortion of element number 82 of instance PART-1-1

      634  1.929E+01 1.929E+01  00:00:00 1.000E-14          82  2.955E-01 -8.557E-01
INSTANCE WITH CRITICAL ELEMENT: PART-1-1
A special ODB Field Frame with all relevant variables was written at     1.929E+01

  THE ANALYSIS HAS NOT BEEN COMPLETED

